#
# There is insufficient memory for the Java Runtime Environment to continue.
# Native memory allocation (mmap) failed to map 30216192 bytes for committing reserved memory.
# Possible reasons:
#   The system is out of physical RAM or swap space
#   In 32 bit mode, the process size limit was hit
# Possible solutions:
#   Reduce memory load on the system
#   Increase physical memory or swap space
#   Check if swap backing store is full
#   Use 64 bit Java on a 64 bit OS
#   Decrease Java heap size (-Xmx/-Xms)
#   Decrease number of Java threads
#   Decrease Java thread stack sizes (-Xss)
#   Set larger code cache with -XX:ReservedCodeCacheSize=
# This output file may be truncated or incomplete.
#
#  Out of Memory Error (os_linux.cpp:2643), pid=23228, tid=0x00007f88fcd5b700
#
# JRE version: OpenJDK Runtime Environment (8.0_131-b11) (build 1.8.0_131-8u131-b11-2ubuntu1.16.04.3-b11)
# Java VM: OpenJDK 64-Bit Server VM (25.131-b11 mixed mode linux-amd64 compressed oops)
# Failed to write core dump. Core dumps have been disabled. To enable core dumping, try "ulimit -c unlimited" before starting Java again
#

---------------  T H R E A D  ---------------

Current thread (0x0000000002296000):  VMThread [stack: 0x00007f88fcc5b000,0x00007f88fcd5c000] [id=23231]

Stack: [0x00007f88fcc5b000,0x00007f88fcd5c000],  sp=0x00007f88fcd5a510,  free space=1021k
Native frames: (J=compiled Java code, j=interpreted, Vv=VM code, C=native code)
V  [libjvm.so+0xa6a1bb]
V  [libjvm.so+0x4c5a6c]
V  [libjvm.so+0x8b85a0]
V  [libjvm.so+0x8b2a1e]
V  [libjvm.so+0xa66ab4]
V  [libjvm.so+0x5cbd80]
V  [libjvm.so+0x5cbafe]
V  [libjvm.so+0x5b83b8]
V  [libjvm.so+0x44d69f]
V  [libjvm.so+0xa6b2c1]
V  [libjvm.so+0xa70f57]
V  [libjvm.so+0xa6e727]
V  [libjvm.so+0xa6fbaf]
V  [libjvm.so+0xa700a1]
V  [libjvm.so+0x8b5a82]

VM_Operation (0x00007ffeefd95040): GenCollectForAllocation, mode: safepoint, requested by thread 0x0000000002202800


---------------  P R O C E S S  ---------------

Java Threads: ( => current thread )
  0x000000000231b800 JavaThread "Thread-0" [_thread_blocked, id=23239, stack(0x00007f88fc453000,0x00007f88fc554000)]
  0x00000000022e2000 JavaThread "Service Thread" daemon [_thread_blocked, id=23237, stack(0x00007f88fc655000,0x00007f88fc756000)]
  0x00000000022d7000 JavaThread "C1 CompilerThread1" daemon [_thread_blocked, id=23236, stack(0x00007f88fc756000,0x00007f88fc857000)]
  0x00000000022d5000 JavaThread "C2 CompilerThread0" daemon [_thread_blocked, id=23235, stack(0x00007f88fc857000,0x00007f88fc958000)]
  0x00000000022d1000 JavaThread "Signal Dispatcher" daemon [_thread_blocked, id=23234, stack(0x00007f88fc958000,0x00007f88fca59000)]
  0x00000000022a2800 JavaThread "Finalizer" daemon [_thread_blocked, id=23233, stack(0x00007f88fca59000,0x00007f88fcb5a000)]
  0x000000000229e000 JavaThread "Reference Handler" daemon [_thread_blocked, id=23232, stack(0x00007f88fcb5a000,0x00007f88fcc5b000)]
  0x0000000002202800 JavaThread "main" [_thread_blocked, id=23228, stack(0x00007ffeefc99000,0x00007ffeefd99000)]

Other Threads:
=>0x0000000002296000 VMThread [stack: 0x00007f88fcc5b000,0x00007f88fcd5c000] [id=23231]
  0x00000000022e5000 WatcherThread [stack: 0x00007f88fc554000,0x00007f88fc655000] [id=23238]

VM state:at safepoint (normal execution)

VM Mutex/Monitor currently owned by a thread:  ([mutex/lock_event])
[0x00000000021ed400] Threads_lock - owner thread: 0x0000000002296000
[0x0000000002039e10] Heap_lock - owner thread: 0x0000000002202800

Heap:
 def new generation   total 17152K, used 1767K [0x00000000d0000000, 0x00000000d1290000, 0x00000000e0000000)
  eden space 15296K,  11% used [0x00000000d0000000, 0x00000000d01b9c18, 0x00000000d0ef0000)
  from space 1856K,   0% used [0x00000000d0ef0000, 0x00000000d0ef0000, 0x00000000d10c0000)
  to   space 1856K,   0% used [0x00000000d10c0000, 0x00000000d10c0000, 0x00000000d1290000)
 tenured generation   total 44260K, used 44260K [0x00000000e0000000, 0x00000000e2b39000, 0x0000000100000000)
   the space 44260K, 100% used [0x00000000e0000000, 0x00000000e2b39000, 0x00000000e2b39000, 0x00000000e2b39000)
 Metaspace       used 4211K, capacity 4820K, committed 4992K, reserved 1056768K
  class space    used 451K, capacity 544K, committed 640K, reserved 1048576K

Card table byte_map: [0x00007f88fd94a000,0x00007f88fdacb000] byte_map_base: 0x00007f88fd2ca000

Polling page: 0x00007f891287c000

CodeCache: size=245760Kb used=2043Kb max_used=2055Kb free=243716Kb
 bounds [0x00007f88fde8b000, 0x00007f88fe0fb000, 0x00007f890ce8b000]
 total_blobs=674 nmethods=417 adapters=172
 compilation: enabled

Compilation events (10 events):
Event: 227.351 Thread 0x00000000022d5000  401   !   4       java.io.ObjectInputStream::filterCheck (267 bytes)
Event: 227.351 Thread 0x00000000022d5000 nmethod 401 0x00007f88fe08a750 code [0x00007f88fe08a8a0, 0x00007f88fe08a938]
Event: 227.351 Thread 0x00000000022d5000  391       4       java.io.ObjectInputStream::readHandle (136 bytes)
Event: 227.364 Thread 0x00000000022d5000 nmethod 391 0x00007f88fe076e90 code [0x00007f88fe0770a0, 0x00007f88fe077670]
Event: 227.364 Thread 0x00000000022d5000  420       4       kr.co.shineware.ds.trie.model.TrieNode::<init> (10 bytes)
Event: 227.364 Thread 0x00000000022d5000 nmethod 420 0x00007f88fe081550 code [0x00007f88fe0816a0, 0x00007f88fe0816f8]
Event: 227.364 Thread 0x00000000022d5000  383       4       java.io.ObjectInputStream$BlockDataInputStream::readChar (73 bytes)
Event: 227.365 Thread 0x00000000022d5000 nmethod 383 0x00007f88fe076ad0 code [0x00007f88fe076c20, 0x00007f88fe076d58]
Event: 227.365 Thread 0x00000000022d5000  384   !   4       java.io.ObjectInputStream$ValidationList::doCallbacks (58 bytes)
Event: 227.365 Thread 0x00000000022d5000 nmethod 384 0x00007f88fe076890 code [0x00007f88fe0769e0, 0x00007f88fe076a58]

GC Heap History (10 events):
Event: 226.870 GC heap after
Heap after GC invocations=3 (full 0):
 def new generation   total 4928K, used 512K [0x00000000d0000000, 0x00000000d0550000, 0x00000000e0000000)
  eden space 4416K,   0% used [0x00000000d0000000, 0x00000000d0000000, 0x00000000d0450000)
  from space 512K, 100% used [0x00000000d04d0000, 0x00000000d0550000, 0x00000000d0550000)
  to   space 512K,   0% used [0x00000000d0450000, 0x00000000d0450000, 0x00000000d04d0000)
 tenured generation   total 10944K, used 8735K [0x00000000e0000000, 0x00000000e0ab0000, 0x0000000100000000)
   the space 10944K,  79% used [0x00000000e0000000, 0x00000000e0887fa8, 0x00000000e0888000, 0x00000000e0ab0000)
 Metaspace       used 4209K, capacity 4820K, committed 4992K, reserved 1056768K
  class space    used 451K, capacity 544K, committed 640K, reserved 1048576K
}
Event: 226.916 GC heap before
{Heap before GC invocations=3 (full 0):
 def new generation   total 4928K, used 4928K [0x00000000d0000000, 0x00000000d0550000, 0x00000000e0000000)
  eden space 4416K, 100% used [0x00000000d0000000, 0x00000000d0450000, 0x00000000d0450000)
  from space 512K, 100% used [0x00000000d04d0000, 0x00000000d0550000, 0x00000000d0550000)
  to   space 512K,   0% used [0x00000000d0450000, 0x00000000d0450000, 0x00000000d04d0000)
 tenured generation   total 10944K, used 8735K [0x00000000e0000000, 0x00000000e0ab0000, 0x0000000100000000)
   the space 10944K,  79% used [0x00000000e0000000, 0x00000000e0887fa8, 0x00000000e0888000, 0x00000000e0ab0000)
 Metaspace       used 4210K, capacity 4820K, committed 4992K, reserved 1056768K
  class space    used 451K, capacity 544K, committed 640K, reserved 1048576K
Event: 226.965 GC heap after
Heap after GC invocations=4 (full 1):
 def new generation   total 9088K, used 423K [0x00000000d0000000, 0x00000000d09d0000, 0x00000000e0000000)
  eden space 8128K,   5% used [0x00000000d0000000, 0x00000000d0069f48, 0x00000000d07f0000)
  from space 960K,   0% used [0x00000000d07f0000, 0x00000000d07f0000, 0x00000000d08e0000)
  to   space 960K,   0% used [0x00000000d08e0000, 0x00000000d08e0000, 0x00000000d09d0000)
 tenured generation   total 20020K, used 12009K [0x00000000e0000000, 0x00000000e138d000, 0x0000000100000000)
   the space 20020K,  59% used [0x00000000e0000000, 0x00000000e0bba748, 0x00000000e0bba800, 0x00000000e138d000)
 Metaspace       used 4210K, capacity 4820K, committed 4992K, reserved 1056768K
  class space    used 451K, capacity 544K, committed 640K, reserved 1048576K
}
Event: 227.071 GC heap before
{Heap before GC invocations=4 (full 1):
 def new generation   total 9088K, used 8098K [0x00000000d0000000, 0x00000000d09d0000, 0x00000000e0000000)
  eden space 8128K,  99% used [0x00000000d0000000, 0x00000000d07e88b0, 0x00000000d07f0000)
  from space 960K,   0% used [0x00000000d07f0000, 0x00000000d07f0000, 0x00000000d08e0000)
  to   space 960K,   0% used [0x00000000d08e0000, 0x00000000d08e0000, 0x00000000d09d0000)
 tenured generation   total 20020K, used 12009K [0x00000000e0000000, 0x00000000e138d000, 0x0000000100000000)
   the space 20020K,  59% used [0x00000000e0000000, 0x00000000e0bba748, 0x00000000e0bba800, 0x00000000e138d000)
 Metaspace       used 4211K, capacity 4820K, committed 4992K, reserved 1056768K
  class space    used 451K, capacity 544K, committed 640K, reserved 1048576K
Event: 227.126 GC heap after
Heap after GC invocations=5 (full 1):
 def new generation   total 9088K, used 960K [0x00000000d0000000, 0x00000000d09d0000, 0x00000000e0000000)
  eden space 8128K,   0% used [0x00000000d0000000, 0x00000000d0000000, 0x00000000d07f0000)
  from space 960K, 100% used [0x00000000d08e0000, 0x00000000d09d0000, 0x00000000d09d0000)
  to   space 960K,   0% used [0x00000000d07f0000, 0x00000000d07f0000, 0x00000000d08e0000)
 tenured generation   total 20020K, used 16787K [0x00000000e0000000, 0x00000000e138d000, 0x0000000100000000)
   the space 20020K,  83% used [0x00000000e0000000, 0x00000000e1064d20, 0x00000000e1064e00, 0x00000000e138d000)
 Metaspace       used 4211K, capacity 4820K, committed 4992K, reserved 1056768K
  class space    used 451K, capacity 544K, committed 640K, reserved 1048576K
}
Event: 227.191 GC heap before
{Heap before GC invocations=5 (full 1):
 def new generation   total 9088K, used 9088K [0x00000000d0000000, 0x00000000d09d0000, 0x00000000e0000000)
  eden space 8128K, 100% used [0x00000000d0000000, 0x00000000d07f0000, 0x00000000d07f0000)
  from space 960K, 100% used [0x00000000d08e0000, 0x00000000d09d0000, 0x00000000d09d0000)
  to   space 960K,   0% used [0x00000000d07f0000, 0x00000000d07f0000, 0x00000000d08e0000)
 tenured generation   total 20020K, used 16787K [0x00000000e0000000, 0x00000000e138d000, 0x0000000100000000)
   the space 20020K,  83% used [0x00000000e0000000, 0x00000000e1064d20, 0x00000000e1064e00, 0x00000000e138d000)
 Metaspace       used 4211K, capacity 4820K, committed 4992K, reserved 1056768K
  class space    used 451K, capacity 544K, committed 640K, reserved 1048576K
Event: 227.284 GC heap after
Heap after GC invocations=6 (full 2):
 def new generation   total 17152K, used 959K [0x00000000d0000000, 0x00000000d1290000, 0x00000000e0000000)
  eden space 15296K,   6% used [0x00000000d0000000, 0x00000000d00efe80, 0x00000000d0ef0000)
  from space 1856K,   0% used [0x00000000d0ef0000, 0x00000000d0ef0000, 0x00000000d10c0000)
  to   space 1856K,   0% used [0x00000000d10c0000, 0x00000000d10c0000, 0x00000000d1290000)
 tenured generation   total 37924K, used 22754K [0x00000000e0000000, 0x00000000e2509000, 0x0000000100000000)
   the space 37924K,  59% used [0x00000000e0000000, 0x00000000e1638890, 0x00000000e1638a00, 0x00000000e2509000)
 Metaspace       used 4211K, capacity 4820K, committed 4992K, reserved 1056768K
  class space    used 451K, capacity 544K, committed 640K, reserved 1048576K
}
Event: 227.366 GC heap before
{Heap before GC invocations=6 (full 2):
 def new generation   total 17152K, used 15296K [0x00000000d0000000, 0x00000000d1290000, 0x00000000e0000000)
  eden space 15296K, 100% used [0x00000000d0000000, 0x00000000d0ef0000, 0x00000000d0ef0000)
  from space 1856K,   0% used [0x00000000d0ef0000, 0x00000000d0ef0000, 0x00000000d10c0000)
  to   space 1856K,   0% used [0x00000000d10c0000, 0x00000000d10c0000, 0x00000000d1290000)
 tenured generation   total 37924K, used 22754K [0x00000000e0000000, 0x00000000e2509000, 0x0000000100000000)
   the space 37924K,  59% used [0x00000000e0000000, 0x00000000e1638890, 0x00000000e1638a00, 0x00000000e2509000)
 Metaspace       used 4211K, capacity 4820K, committed 4992K, reserved 1056768K
  class space    used 451K, capacity 544K, committed 640K, reserved 1048576K
Event: 227.431 GC heap after
Heap after GC invocations=7 (full 2):
 def new generation   total 17152K, used 1856K [0x00000000d0000000, 0x00000000d1290000, 0x00000000e0000000)
  eden space 15296K,   0% used [0x00000000d0000000, 0x00000000d0000000, 0x00000000d0ef0000)
  from space 1856K, 100% used [0x00000000d10c0000, 0x00000000d1290000, 0x00000000d1290000)
  to   space 1856K,   0% used [0x00000000d0ef0000, 0x00000000d0ef0000, 0x00000000d10c0000)
 tenured generation   total 37924K, used 32361K [0x00000000e0000000, 0x00000000e2509000, 0x0000000100000000)
   the space 37924K,  85% used [0x00000000e0000000, 0x00000000e1f9a648, 0x00000000e1f9a800, 0x00000000e2509000)
 Metaspace       used 4211K, capacity 4820K, committed 4992K, reserved 1056768K
  class space    used 451K, capacity 544K, committed 640K, reserved 1048576K
}
Event: 227.481 GC heap before
{Heap before GC invocations=7 (full 2):
 def new generation   total 17152K, used 17152K [0x00000000d0000000, 0x00000000d1290000, 0x00000000e0000000)
  eden space 15296K, 100% used [0x00000000d0000000, 0x00000000d0ef0000, 0x00000000d0ef0000)
  from space 1856K, 100% used [0x00000000d10c0000, 0x00000000d1290000, 0x00000000d1290000)
  to   space 1856K,   0% used [0x00000000d0ef0000, 0x00000000d0ef0000, 0x00000000d10c0000)
 tenured generation   total 37924K, used 32361K [0x00000000e0000000, 0x00000000e2509000, 0x0000000100000000)
   the space 37924K,  85% used [0x00000000e0000000, 0x00000000e1f9a648, 0x00000000e1f9a800, 0x00000000e2509000)
 Metaspace       used 4211K, capacity 4820K, committed 4992K, reserved 1056768K
  class space    used 451K, capacity 544K, committed 640K, reserved 1048576K

Deoptimization events (0 events):
No events

Internal exceptions (4 events):
Event: 0.135 Thread 0x0000000002202800 Exception <a 'java/lang/NoSuchMethodError': Method sun.misc.Unsafe.defineClass(Ljava/lang/String;[BII)Ljava/lang/Class; name or signature does not match> (0x00000000d0007ca8) thrown at [/build/openjdk-8-pZyJp3/openjdk-8-8u131-b11/src/hotspot/src/share/vm/
Event: 0.135 Thread 0x0000000002202800 Exception <a 'java/lang/NoSuchMethodError': Method sun.misc.Unsafe.prefetchRead(Ljava/lang/Object;J)V name or signature does not match> (0x00000000d0007f90) thrown at [/build/openjdk-8-pZyJp3/openjdk-8-8u131-b11/src/hotspot/src/share/vm/prims/jni.cpp, lin
Event: 226.520 Thread 0x0000000002202800 Exception <a 'java/lang/NoSuchFieldError': method resolution failed> (0x00000000d01bf718) thrown at [/build/openjdk-8-pZyJp3/openjdk-8-8u131-b11/src/hotspot/src/share/vm/prims/methodHandles.cpp, line 1146]
Event: 226.524 Thread 0x0000000002202800 Exception <a 'java/lang/NoSuchFieldError': method resolution failed> (0x00000000d01ccb48) thrown at [/build/openjdk-8-pZyJp3/openjdk-8-8u131-b11/src/hotspot/src/share/vm/prims/methodHandles.cpp, line 1146]

Events (10 events):
Event: 226.971 Executing VM operation: GenCollectForAllocation done
Event: 226.978 Thread 0x0000000002202800 DEOPT PACKING pc=0x00007f88fe053794 sp=0x00007ffeefd94d60
Event: 226.978 Thread 0x0000000002202800 DEOPT UNPACKING pc=0x00007f88fded2373 sp=0x00007ffeefd94a88 mode 0
Event: 227.071 Executing VM operation: GenCollectForAllocation
Event: 227.131 Executing VM operation: GenCollectForAllocation done
Event: 227.191 Executing VM operation: GenCollectForAllocation
Event: 227.285 Executing VM operation: GenCollectForAllocation done
Event: 227.366 Executing VM operation: GenCollectForAllocation
Event: 227.434 Executing VM operation: GenCollectForAllocation done
Event: 227.478 Executing VM operation: GenCollectForAllocation


Dynamic libraries:
00400000-006ea000 r-xp 00000000 ca:01 260515                             /home/ubuntu/geulgil-api/venv/bin/python
008e9000-008eb000 r--p 002e9000 ca:01 260515                             /home/ubuntu/geulgil-api/venv/bin/python
008eb000-00962000 rw-p 002eb000 ca:01 260515                             /home/ubuntu/geulgil-api/venv/bin/python
00962000-00985000 rw-p 00000000 00:00 0 
01bdf000-01ffd000 rw-p 00000000 00:00 0                                  [heap]
01ffd000-02423000 rw-p 00000000 00:00 0                                  [heap]
d0000000-d1290000 rw-p 00000000 00:00 0 
d1290000-e0000000 ---p 00000000 00:00 0 
e0000000-e2b39000 rw-p 00000000 00:00 0 
e480a000-100000000 ---p 00000000 00:00 0 
100000000-1000a0000 rw-p 00000000 00:00 0 
1000a0000-140000000 ---p 00000000 00:00 0 
7f88d8000000-7f88d8021000 rw-p 00000000 00:00 0 
7f88d8021000-7f88dc000000 ---p 00000000 00:00 0 
7f88e0000000-7f88e02d9000 rw-p 00000000 00:00 0 
7f88e02d9000-7f88e4000000 ---p 00000000 00:00 0 
7f88e4000000-7f88e4021000 rw-p 00000000 00:00 0 
7f88e4021000-7f88e8000000 ---p 00000000 00:00 0 
7f88e8000000-7f88e8021000 rw-p 00000000 00:00 0 
7f88e8021000-7f88ec000000 ---p 00000000 00:00 0 
7f88ec000000-7f88ec3d2000 rw-p 00000000 00:00 0 
7f88ec3d2000-7f88f0000000 ---p 00000000 00:00 0 
7f88f0000000-7f88f0021000 rw-p 00000000 00:00 0 
7f88f0021000-7f88f4000000 ---p 00000000 00:00 0 
7f88f4000000-7f88f4021000 rw-p 00000000 00:00 0 
7f88f4021000-7f88f8000000 ---p 00000000 00:00 0 
7f88f8000000-7f88f8021000 rw-p 00000000 00:00 0 
7f88f8021000-7f88fc000000 ---p 00000000 00:00 0 
7f88fc453000-7f88fc456000 ---p 00000000 00:00 0 
7f88fc456000-7f88fc554000 rw-p 00000000 00:00 0 
7f88fc554000-7f88fc555000 ---p 00000000 00:00 0 
7f88fc555000-7f88fc655000 rw-p 00000000 00:00 0 
7f88fc655000-7f88fc658000 ---p 00000000 00:00 0 
7f88fc658000-7f88fc756000 rw-p 00000000 00:00 0 
7f88fc756000-7f88fc759000 ---p 00000000 00:00 0 
7f88fc759000-7f88fc857000 rw-p 00000000 00:00 0 
7f88fc857000-7f88fc85a000 ---p 00000000 00:00 0 
7f88fc85a000-7f88fc958000 rw-p 00000000 00:00 0 
7f88fc958000-7f88fc95b000 ---p 00000000 00:00 0 
7f88fc95b000-7f88fca59000 rw-p 00000000 00:00 0 
7f88fca59000-7f88fca5c000 ---p 00000000 00:00 0 
7f88fca5c000-7f88fcb5a000 rw-p 00000000 00:00 0 
7f88fcb5a000-7f88fcb5d000 ---p 00000000 00:00 0 
7f88fcb5d000-7f88fcc5b000 rw-p 00000000 00:00 0 
7f88fcc5b000-7f88fcc5c000 ---p 00000000 00:00 0 
7f88fcc5c000-7f88fcdaa000 rw-p 00000000 00:00 0 
7f88fcdaa000-7f88fcf78000 r--s 03c13000 ca:01 261284                     /usr/lib/jvm/java-8-openjdk-amd64/jre/lib/rt.jar
7f88fcf78000-7f88fd489000 rw-p 00000000 00:00 0 
7f88fd489000-7f88fd849000 ---p 00000000 00:00 0 
7f88fd849000-7f88fd85f000 rw-p 00000000 00:00 0 
7f88fd85f000-7f88fd94a000 ---p 00000000 00:00 0 
7f88fd94a000-7f88fd954000 rw-p 00000000 00:00 0 
7f88fd954000-7f88fd9ca000 ---p 00000000 00:00 0 
7f88fd9ca000-7f88fd9e0000 rw-p 00000000 00:00 0 
7f88fd9e0000-7f88fdaca000 ---p 00000000 00:00 0 
7f88fdaca000-7f88fdad5000 rw-p 00000000 00:00 0 
7f88fdad5000-7f88fde8b000 ---p 00000000 00:00 0 
7f88fde8b000-7f88fe0fb000 rwxp 00000000 00:00 0 
7f88fe0fb000-7f890ce8b000 ---p 00000000 00:00 0 
7f890ce8b000-7f890ce93000 r-xp 00000000 ca:01 261311                     /usr/lib/jvm/java-8-openjdk-amd64/jre/lib/amd64/libzip.so
7f890ce93000-7f890d092000 ---p 00008000 ca:01 261311                     /usr/lib/jvm/java-8-openjdk-amd64/jre/lib/amd64/libzip.so
7f890d092000-7f890d093000 r--p 00007000 ca:01 261311                     /usr/lib/jvm/java-8-openjdk-amd64/jre/lib/amd64/libzip.so
7f890d093000-7f890d094000 rw-p 00008000 ca:01 261311                     /usr/lib/jvm/java-8-openjdk-amd64/jre/lib/amd64/libzip.so
7f890d094000-7f890d0c1000 r-xp 00000000 ca:01 261326                     /usr/lib/jvm/java-8-openjdk-amd64/jre/lib/amd64/libjava.so
7f890d0c1000-7f890d2c0000 ---p 0002d000 ca:01 261326                     /usr/lib/jvm/java-8-openjdk-amd64/jre/lib/amd64/libjava.so
7f890d2c0000-7f890d2c1000 r--p 0002c000 ca:01 261326                     /usr/lib/jvm/java-8-openjdk-amd64/jre/lib/amd64/libjava.so
7f890d2c1000-7f890d2c3000 rw-p 0002d000 ca:01 261326                     /usr/lib/jvm/java-8-openjdk-amd64/jre/lib/amd64/libjava.so
7f890d2c3000-7f890d2d2000 r-xp 00000000 ca:01 261304                     /usr/lib/jvm/java-8-openjdk-amd64/jre/lib/amd64/libverify.so
7f890d2d2000-7f890d4d1000 ---p 0000f000 ca:01 261304                     /usr/lib/jvm/java-8-openjdk-amd64/jre/lib/amd64/libverify.so
7f890d4d1000-7f890d4d3000 r--p 0000e000 ca:01 261304                     /usr/lib/jvm/java-8-openjdk-amd64/jre/lib/amd64/libverify.so
7f890d4d3000-7f890d4d4000 rw-p 00010000 ca:01 261304                     /usr/lib/jvm/java-8-openjdk-amd64/jre/lib/amd64/libverify.so
7f890d4d4000-7f890d4db000 r-xp 00000000 ca:01 2049                       /lib/x86_64-linux-gnu/librt-2.23.so
7f890d4db000-7f890d6da000 ---p 00007000 ca:01 2049                       /lib/x86_64-linux-gnu/librt-2.23.so
7f890d6da000-7f890d6db000 r--p 00006000 ca:01 2049                       /lib/x86_64-linux-gnu/librt-2.23.so
7f890d6db000-7f890d6dc000 rw-p 00007000 ca:01 2049                       /lib/x86_64-linux-gnu/librt-2.23.so
7f890d6dc000-7f890e330000 r-xp 00000000 ca:01 261310                     /usr/lib/jvm/java-8-openjdk-amd64/jre/lib/amd64/server/libjvm.so
7f890e330000-7f890e530000 ---p 00c54000 ca:01 261310                     /usr/lib/jvm/java-8-openjdk-amd64/jre/lib/amd64/server/libjvm.so
7f890e530000-7f890e5c3000 r--p 00c54000 ca:01 261310                     /usr/lib/jvm/java-8-openjdk-amd64/jre/lib/amd64/server/libjvm.so
7f890e5c3000-7f890e5ec000 rw-p 00ce7000 ca:01 261310                     /usr/lib/jvm/java-8-openjdk-amd64/jre/lib/amd64/server/libjvm.so
7f890e5ec000-7f890e65c000 rw-p 00000000 00:00 0 
7f890e65c000-7f890e672000 r-xp 00000000 ca:01 2038                       /lib/x86_64-linux-gnu/libgcc_s.so.1
7f890e672000-7f890e871000 ---p 00016000 ca:01 2038                       /lib/x86_64-linux-gnu/libgcc_s.so.1
7f890e871000-7f890e872000 rw-p 00015000 ca:01 2038                       /lib/x86_64-linux-gnu/libgcc_s.so.1
7f890e872000-7f890e9e4000 r-xp 00000000 ca:01 25841                      /usr/lib/x86_64-linux-gnu/libstdc++.so.6.0.21
7f890e9e4000-7f890ebe4000 ---p 00172000 ca:01 25841                      /usr/lib/x86_64-linux-gnu/libstdc++.so.6.0.21
7f890ebe4000-7f890ebee000 r--p 00172000 ca:01 25841                      /usr/lib/x86_64-linux-gnu/libstdc++.so.6.0.21
7f890ebee000-7f890ebf0000 rw-p 0017c000 ca:01 25841                      /usr/lib/x86_64-linux-gnu/libstdc++.so.6.0.21
7f890ebf0000-7f890ebf4000 rw-p 00000000 00:00 0 
7f890ebf4000-7f890ec70000 r-xp 00000000 ca:01 262238                     /home/ubuntu/geulgil-api/venv/lib/python2.7/site-packages/_jpype.so
7f890ec70000-7f890ee70000 ---p 0007c000 ca:01 262238                     /home/ubuntu/geulgil-api/venv/lib/python2.7/site-packages/_jpype.so
7f890ee70000-7f890ee72000 r--p 0007c000 ca:01 262238                     /home/ubuntu/geulgil-api/venv/lib/python2.7/site-packages/_jpype.so
7f890ee72000-7f890ee75000 rw-p 0007e000 ca:01 262238                     /home/ubuntu/geulgil-api/venv/lib/python2.7/site-packages/_jpype.so
7f890ee75000-7f890ee7b000 r-xp 00000000 ca:01 256502                     /usr/lib/python2.7/lib-dynload/_csv.x86_64-linux-gnu.so
7f890ee7b000-7f890f07a000 ---p 00006000 ca:01 256502                     /usr/lib/python2.7/lib-dynload/_csv.x86_64-linux-gnu.so
7f890f07a000-7f890f07b000 r--p 00005000 ca:01 256502                     /usr/lib/python2.7/lib-dynload/_csv.x86_64-linux-gnu.so
7f890f07b000-7f890f07d000 rw-p 00006000 ca:01 256502                     /usr/lib/python2.7/lib-dynload/_csv.x86_64-linux-gnu.so
7f890f07d000-7f890f1bd000 rw-p 00000000 00:00 0 
7f890f1bd000-7f890f1c1000 r-xp 00000000 ca:01 2072                       /lib/x86_64-linux-gnu/libuuid.so.1.3.0
7f890f1c1000-7f890f3c0000 ---p 00004000 ca:01 2072                       /lib/x86_64-linux-gnu/libuuid.so.1.3.0
7f890f3c0000-7f890f3c1000 r--p 00003000 ca:01 2072                       /lib/x86_64-linux-gnu/libuuid.so.1.3.0
7f890f3c1000-7f890f3c2000 rw-p 00004000 ca:01 2072                       /lib/x86_64-linux-gnu/libuuid.so.1.3.0
7f890f3c2000-7f890f502000 rw-p 00000000 00:00 0 
7f890f502000-7f890f504000 r-xp 00000000 ca:01 261405                     /home/ubuntu/geulgil-api/venv/lib/python2.7/site-packages/markupsafe/_speedups.so
7f890f504000-7f890f703000 ---p 00002000 ca:01 261405                     /home/ubuntu/geulgil-api/venv/lib/python2.7/site-packages/markupsafe/_speedups.so
7f890f703000-7f890f704000 r--p 00001000 ca:01 261405                     /home/ubuntu/geulgil-api/venv/lib/python2.7/site-packages/markupsafe/_speedups.so
7f890f704000-7f890f705000 rw-p 00002000 ca:01 261405                     /home/ubuntu/geulgil-api/venv/lib/python2.7/site-packages/markupsafe/_speedups.so
7f890f705000-7f890f711000 r-xp 00000000 ca:01 256489                     /usr/lib/python2.7/lib-dynload/_json.x86_64-linux-gnu.so
7f890f711000-7f890f910000 ---p 0000c000 ca:01 256489                     /usr/lib/python2.7/lib-dynload/_json.x86_64-linux-gnu.so
7f890f910000-7f890f911000 r--p 0000b000 ca:01 256489                     /usr/lib/python2.7/lib-dynload/_json.x86_64-linux-gnu.so
7f890f911000-7f890f912000 rw-p 0000c000 ca:01 256489                     /usr/lib/python2.7/lib-dynload/_json.x86_64-linux-gnu.so
7f890f912000-7f890fa52000 rw-p 00000000 00:00 0 
7f890fa52000-7f890fa5d000 r-xp 00000000 ca:01 2044                       /lib/x86_64-linux-gnu/libnss_files-2.23.so
7f890fa5d000-7f890fc5c000 ---p 0000b000 ca:01 2044                       /lib/x86_64-linux-gnu/libnss_files-2.23.so
7f890fc5c000-7f890fc5d000 r--p 0000a000 ca:01 2044                       /lib/x86_64-linux-gnu/libnss_files-2.23.so
7f890fc5d000-7f890fc5e000 rw-p 0000b000 ca:01 2044                       /lib/x86_64-linux-gnu/libnss_files-2.23.so
7f890fc5e000-7f890fc64000 rw-p 00000000 00:00 0 
7f890fc64000-7f890fc6f000 r-xp 00000000 ca:01 2047                       /lib/x86_64-linux-gnu/libnss_nis-2.23.so
7f890fc6f000-7f890fe6e000 ---p 0000b000 ca:01 2047                       /lib/x86_64-linux-gnu/libnss_nis-2.23.so
7f890fe6e000-7f890fe6f000 r--p 0000a000 ca:01 2047                       /lib/x86_64-linux-gnu/libnss_nis-2.23.so
7f890fe6f000-7f890fe70000 rw-p 0000b000 ca:01 2047                       /lib/x86_64-linux-gnu/libnss_nis-2.23.so
7f890fe70000-7f890fe86000 r-xp 00000000 ca:01 2040                       /lib/x86_64-linux-gnu/libnsl-2.23.so
7f890fe86000-7f8910085000 ---p 00016000 ca:01 2040                       /lib/x86_64-linux-gnu/libnsl-2.23.so
7f8910085000-7f8910086000 r--p 00015000 ca:01 2040                       /lib/x86_64-linux-gnu/libnsl-2.23.so
7f8910086000-7f8910087000 rw-p 00016000 ca:01 2040                       /lib/x86_64-linux-gnu/libnsl-2.23.so
7f8910087000-7f8910089000 rw-p 00000000 00:00 0 
7f8910089000-7f8910091000 r-xp 00000000 ca:01 2053                       /lib/x86_64-linux-gnu/libnss_compat-2.23.so
7f8910091000-7f8910290000 ---p 00008000 ca:01 2053                       /lib/x86_64-linux-gnu/libnss_compat-2.23.so
7f8910290000-7f8910291000 r--p 00007000 ca:01 2053                       /lib/x86_64-linux-gnu/libnss_compat-2.23.so
7f8910291000-7f8910292000 rw-p 00008000 ca:01 2053                       /lib/x86_64-linux-gnu/libnss_compat-2.23.so
7f8910292000-7f8910299000 r-xp 00000000 ca:01 25863                      /usr/lib/x86_64-linux-gnu/libffi.so.6.0.4
7f8910299000-7f8910498000 ---p 00007000 ca:01 25863                      /usr/lib/x86_64-linux-gnu/libffi.so.6.0.4
7f8910498000-7f8910499000 r--p 00006000 ca:01 25863                      /usr/lib/x86_64-linux-gnu/libffi.so.6.0.4
7f8910499000-7f891049a000 rw-p 00007000 ca:01 25863                      /usr/lib/x86_64-linux-gnu/libffi.so.6.0.4
7f891049a000-7f89104b8000 r-xp 00000000 ca:01 256487                     /usr/lib/python2.7/lib-dynload/_ctypes.x86_64-linux-gnu.so
7f89104b8000-7f89106b7000 ---p 0001e000 ca:01 256487                     /usr/lib/python2.7/lib-dynload/_ctypes.x86_64-linux-gnu.so
7f89106b7000-7f89106b8000 r--p 0001d000 ca:01 256487                     /usr/lib/python2.7/lib-dynload/_ctypes.x86_64-linux-gnu.so
7f89106b8000-7f89106bc000 rw-p 0001e000 ca:01 256487                     /usr/lib/python2.7/lib-dynload/_ctypes.x86_64-linux-gnu.so
7f89106bc000-7f8910bbd000 rw-p 00000000 00:00 0 
7f8910bbd000-7f8910bc3000 r-xp 00000000 ca:01 256498                     /usr/lib/python2.7/lib-dynload/_hashlib.x86_64-linux-gnu.so
7f8910bc3000-7f8910dc2000 ---p 00006000 ca:01 256498                     /usr/lib/python2.7/lib-dynload/_hashlib.x86_64-linux-gnu.so
7f8910dc2000-7f8910dc3000 r--p 00005000 ca:01 256498                     /usr/lib/python2.7/lib-dynload/_hashlib.x86_64-linux-gnu.so
7f8910dc3000-7f8910dc4000 rw-p 00006000 ca:01 256498                     /usr/lib/python2.7/lib-dynload/_hashlib.x86_64-linux-gnu.so
7f8910dc4000-7f8910e84000 rw-p 00000000 00:00 0 
7f8910e84000-7f891109e000 r-xp 00000000 ca:01 2186                       /lib/x86_64-linux-gnu/libcrypto.so.1.0.0
7f891109e000-7f891129d000 ---p 0021a000 ca:01 2186                       /lib/x86_64-linux-gnu/libcrypto.so.1.0.0
7f891129d000-7f89112b9000 r--p 00219000 ca:01 2186                       /lib/x86_64-linux-gnu/libcrypto.so.1.0.0
7f89112b9000-7f89112c5000 rw-p 00235000 ca:01 2186                       /lib/x86_64-linux-gnu/libcrypto.so.1.0.0
7f89112c5000-7f89112c8000 rw-p 00000000 00:00 0 
7f89112c8000-7f8911326000 r-xp 00000000 ca:01 2187                       /lib/x86_64-linux-gnu/libssl.so.1.0.0
7f8911326000-7f8911526000 ---p 0005e000 ca:01 2187                       /lib/x86_64-linux-gnu/libssl.so.1.0.0
7f8911526000-7f891152a000 r--p 0005e000 ca:01 2187                       /lib/x86_64-linux-gnu/libssl.so.1.0.0
7f891152a000-7f8911531000 rw-p 00062000 ca:01 2187                       /lib/x86_64-linux-gnu/libssl.so.1.0.0
7f8911531000-7f8911546000 r-xp 00000000 ca:01 256503                     /usr/lib/python2.7/lib-dynload/_ssl.x86_64-linux-gnu.so
7f8911546000-7f8911745000 ---p 00015000 ca:01 256503                     /usr/lib/python2.7/lib-dynload/_ssl.x86_64-linux-gnu.so
7f8911745000-7f8911746000 r--p 00014000 ca:01 256503                     /usr/lib/python2.7/lib-dynload/_ssl.x86_64-linux-gnu.so
7f8911746000-7f891174a000 rw-p 00015000 ca:01 256503                     /usr/lib/python2.7/lib-dynload/_ssl.x86_64-linux-gnu.so
7f891174a000-7f8911852000 r-xp 00000000 ca:01 2066                       /lib/x86_64-linux-gnu/libm-2.23.so
7f8911852000-7f8911a51000 ---p 00108000 ca:01 2066                       /lib/x86_64-linux-gnu/libm-2.23.so
7f8911a51000-7f8911a52000 r--p 00107000 ca:01 2066                       /lib/x86_64-linux-gnu/libm-2.23.so
7f8911a52000-7f8911a53000 rw-p 00108000 ca:01 2066                       /lib/x86_64-linux-gnu/libm-2.23.so
7f8911a53000-7f8911a6c000 r-xp 00000000 ca:01 2192                       /lib/x86_64-linux-gnu/libz.so.1.2.8
7f8911a6c000-7f8911c6b000 ---p 00019000 ca:01 2192                       /lib/x86_64-linux-gnu/libz.so.1.2.8
7f8911c6b000-7f8911c6c000 r--p 00018000 ca:01 2192                       /lib/x86_64-linux-gnu/libz.so.1.2.8
7f8911c6c000-7f8911c6d000 rw-p 00019000 ca:01 2192                       /lib/x86_64-linux-gnu/libz.so.1.2.8
7f8911c6d000-7f8911c6f000 r-xp 00000000 ca:01 2062                       /lib/x86_64-linux-gnu/libutil-2.23.so
7f8911c6f000-7f8911e6e000 ---p 00002000 ca:01 2062                       /lib/x86_64-linux-gnu/libutil-2.23.so
7f8911e6e000-7f8911e6f000 r--p 00001000 ca:01 2062                       /lib/x86_64-linux-gnu/libutil-2.23.so
7f8911e6f000-7f8911e70000 rw-p 00002000 ca:01 2062                       /lib/x86_64-linux-gnu/libutil-2.23.so
7f8911e70000-7f8911e73000 r-xp 00000000 ca:01 2052                       /lib/x86_64-linux-gnu/libdl-2.23.so
7f8911e73000-7f8912072000 ---p 00003000 ca:01 2052                       /lib/x86_64-linux-gnu/libdl-2.23.so
7f8912072000-7f8912073000 r--p 00002000 ca:01 2052                       /lib/x86_64-linux-gnu/libdl-2.23.so
7f8912073000-7f8912074000 rw-p 00003000 ca:01 2052                       /lib/x86_64-linux-gnu/libdl-2.23.so
7f8912074000-7f8912234000 r-xp 00000000 ca:01 2071                       /lib/x86_64-linux-gnu/libc-2.23.so
7f8912234000-7f8912434000 ---p 001c0000 ca:01 2071                       /lib/x86_64-linux-gnu/libc-2.23.so
7f8912434000-7f8912438000 r--p 001c0000 ca:01 2071                       /lib/x86_64-linux-gnu/libc-2.23.so
7f8912438000-7f891243a000 rw-p 001c4000 ca:01 2071                       /lib/x86_64-linux-gnu/libc-2.23.so
7f891243a000-7f891243e000 rw-p 00000000 00:00 0 
7f891243e000-7f8912456000 r-xp 00000000 ca:01 2046                       /lib/x86_64-linux-gnu/libpthread-2.23.so
7f8912456000-7f8912655000 ---p 00018000 ca:01 2046                       /lib/x86_64-linux-gnu/libpthread-2.23.so
7f8912655000-7f8912656000 r--p 00017000 ca:01 2046                       /lib/x86_64-linux-gnu/libpthread-2.23.so
7f8912656000-7f8912657000 rw-p 00018000 ca:01 2046                       /lib/x86_64-linux-gnu/libpthread-2.23.so
7f8912657000-7f891265b000 rw-p 00000000 00:00 0 
7f891265b000-7f8912681000 r-xp 00000000 ca:01 2041                       /lib/x86_64-linux-gnu/ld-2.23.so
7f8912692000-7f8912693000 r--s 00001000 ca:01 262354                     /home/ubuntu/geulgil-api/venv/lib/python2.7/site-packages/konlpy/java/shineware-ds-1.0.jar
7f8912693000-7f8912694000 r--s 00004000 ca:01 262356                     /home/ubuntu/geulgil-api/venv/lib/python2.7/site-packages/konlpy/java/shineware-common-2.0.jar
7f8912694000-7f8912695000 r--s 00006000 ca:01 262361                     /home/ubuntu/geulgil-api/venv/lib/python2.7/site-packages/konlpy/java/komoran-2.4-e.jar
7f8912695000-7f8912698000 r--s 0075b000 ca:01 262357                     /home/ubuntu/geulgil-api/venv/lib/python2.7/site-packages/konlpy/java/kkma-2.0.jar
7f8912698000-7f891269c000 r--s 00025000 ca:01 262362                     /home/ubuntu/geulgil-api/venv/lib/python2.7/site-packages/konlpy/java/jhannanum-0.8.4.jar
7f891269c000-7f89126a0000 r--s 00037000 ca:01 261289                     /usr/lib/jvm/java-8-openjdk-amd64/jre/lib/ext/sunpkcs11.jar
7f89126a0000-7f89126a5000 r--s 0003b000 ca:01 261292                     /usr/lib/jvm/java-8-openjdk-amd64/jre/lib/ext/sunjce_provider.jar
7f89126a5000-7f89126c0000 r--s 00394000 ca:01 261286                     /usr/lib/jvm/java-8-openjdk-amd64/jre/lib/ext/cldrdata.jar
7f89126c0000-7f8912780000 rw-p 00000000 00:00 0 
7f8912780000-7f8912782000 r--s 00001000 ca:01 261290                     /usr/lib/jvm/java-8-openjdk-amd64/jre/lib/ext/dnsns.jar
7f8912782000-7f8912784000 r--s 00008000 ca:01 261294                     /usr/lib/jvm/java-8-openjdk-amd64/jre/lib/ext/sunec.jar
7f8912784000-7f891278e000 r--s 00116000 ca:01 261288                     /usr/lib/jvm/java-8-openjdk-amd64/jre/lib/ext/localedata.jar
7f891278e000-7f89127a9000 r--s 001d6000 ca:01 261287                     /usr/lib/jvm/java-8-openjdk-amd64/jre/lib/ext/nashorn.jar
7f89127a9000-7f89127b1000 rw-s 00000000 ca:01 263549                     /tmp/hsperfdata_ubuntu/23228
7f89127b1000-7f8912876000 rw-p 00000000 00:00 0 
7f8912876000-7f8912877000 r--s 0000a000 ca:01 261291                     /usr/lib/jvm/java-8-openjdk-amd64/jre/lib/ext/jaccess.jar
7f8912877000-7f8912878000 r--s 00010000 ca:01 261295                     /usr/lib/jvm/java-8-openjdk-amd64/jre/lib/ext/zipfs.jar
7f8912878000-7f891287b000 r--s 0000f000 ca:01 261293                     /usr/lib/jvm/java-8-openjdk-amd64/jre/lib/ext/icedtea-sound.jar
7f891287b000-7f891287c000 rw-p 00000000 00:00 0 
7f891287c000-7f891287d000 ---p 00000000 00:00 0 
7f891287d000-7f891287e000 rwxp 00000000 00:00 0 
7f891287e000-7f8912880000 rw-p 00000000 00:00 0 
7f8912880000-7f8912881000 r--p 00025000 ca:01 2041                       /lib/x86_64-linux-gnu/ld-2.23.so
7f8912881000-7f8912882000 rw-p 00026000 ca:01 2041                       /lib/x86_64-linux-gnu/ld-2.23.so
7f8912882000-7f8912883000 rw-p 00000000 00:00 0 
7ffeefc99000-7ffeefc9c000 ---p 00000000 00:00 0 
7ffeefc9c000-7ffeefd99000 rw-p 00000000 00:00 0                          [stack]
7ffeefded000-7ffeefdef000 r--p 00000000 00:00 0                          [vvar]
7ffeefdef000-7ffeefdf1000 r-xp 00000000 00:00 0                          [vdso]
ffffffffff600000-ffffffffff601000 r-xp 00000000 00:00 0                  [vsyscall]

VM Arguments:
jvm_args: -Dfile.encoding=UTF8 -ea -Xmx768m 
java_command: <unknown>
java_class_path (initial): /home/ubuntu/geulgil-api/venv/lib/python2.7/site-packages/konlpy/java:/home/ubuntu/geulgil-api/venv/lib/python2.7/site-packages/konlpy/java/bin:/home/ubuntu/geulgil-api/venv/lib/python2.7/site-packages/konlpy/java/jhannanum-0.8.4.jar:/home/ubuntu/geulgil-api/venv/lib/python2.7/site-packages/konlpy/java/kkma-2.0.jar:/home/ubuntu/geulgil-api/venv/lib/python2.7/site-packages/konlpy/java/komoran-2.4-e.jar:/home/ubuntu/geulgil-api/venv/lib/python2.7/site-packages/konlpy/java/shineware-common-2.0.jar:/home/ubuntu/geulgil-api/venv/lib/python2.7/site-packages/konlpy/java/shineware-ds-1.0.jar:/home/ubuntu/geulgil-api/venv/lib/python2.7/site-packages/konlpy/java/snakeyaml-1.12.jar:/home/ubuntu/geulgil-api/venv/lib/python2.7/site-packages/konlpy/java/scala-library-2.11.4.jar:/home/ubuntu/geulgil-api/venv/lib/python2.7/site-packages/konlpy/java/twitter-korean-text-2.4.3.jar:/home/ubuntu/geulgil-api/venv/lib/python2.7/site-packages/konlpy/java/twitter-text-1.10.1.jar:/home/ubuntu/geulgil-api/venv/lib/python2.7/site-packages/konlpy/java/*
Launcher Type: generic

Environment Variables:
PATH=/home/ubuntu/geulgil-api/venv/bin
SHELL=/bin/bash

Signal Handlers:
SIGSEGV: [libjvm.so+0xa6ad10], sa_mask[0]=11111111011111111101111111111110, sa_flags=SA_RESTART|SA_SIGINFO
SIGBUS: [libjvm.so+0xa6ad10], sa_mask[0]=11111111011111111101111111111110, sa_flags=SA_RESTART|SA_SIGINFO
SIGFPE: [libjvm.so+0x8b3bc0], sa_mask[0]=11111111011111111101111111111110, sa_flags=SA_RESTART|SA_SIGINFO
SIGPIPE: [libjvm.so+0x8b3bc0], sa_mask[0]=11111111011111111101111111111110, sa_flags=SA_RESTART|SA_SIGINFO
SIGXFSZ: [libjvm.so+0x8b3bc0], sa_mask[0]=11111111011111111101111111111110, sa_flags=SA_RESTART|SA_SIGINFO
SIGILL: [libjvm.so+0x8b3bc0], sa_mask[0]=11111111011111111101111111111110, sa_flags=SA_RESTART|SA_SIGINFO
SIGUSR1: [python+0x13e110], sa_mask[0]=00000000000000000000000000000000, sa_flags=SA_RESTART
SIGUSR2: [libjvm.so+0x8b3a70], sa_mask[0]=00000000000000000000000000000000, sa_flags=SA_RESTART|SA_SIGINFO
SIGHUP: [libjvm.so+0x8b3f40], sa_mask[0]=11111111011111111101111111111110, sa_flags=SA_RESTART|SA_SIGINFO
SIGINT: [libjvm.so+0x8b3f40], sa_mask[0]=11111111011111111101111111111110, sa_flags=SA_RESTART|SA_SIGINFO
SIGTERM: [libjvm.so+0x8b3f40], sa_mask[0]=11111111011111111101111111111110, sa_flags=SA_RESTART|SA_SIGINFO
SIGQUIT: [libjvm.so+0x8b3f40], sa_mask[0]=11111111011111111101111111111110, sa_flags=SA_RESTART|SA_SIGINFO


---------------  S Y S T E M  ---------------

OS:DISTRIB_ID=Ubuntu
DISTRIB_RELEASE=16.04
DISTRIB_CODENAME=xenial
DISTRIB_DESCRIPTION="Ubuntu 16.04.2 LTS"

uname:Linux 4.4.0-1022-aws #31-Ubuntu SMP Tue Jun 27 11:27:55 UTC 2017 x86_64
libc:glibc 2.23 NPTL 2.23 
rlimit: STACK 8192k, CORE 0k, NPROC 3902, NOFILE 4096, AS infinity
load average:0.03 0.14 0.07

/proc/meminfo:
MemTotal:        1014660 kB
MemFree:           60376 kB
MemAvailable:          0 kB
Buffers:             260 kB
Cached:            12408 kB
SwapCached:            0 kB
Active:           891960 kB
Inactive:           9168 kB
Active(anon):     891356 kB
Inactive(anon):     3992 kB
Active(file):        604 kB
Inactive(file):     5176 kB
Unevictable:        3660 kB
Mlocked:            3660 kB
SwapTotal:             0 kB
SwapFree:              0 kB
Dirty:                36 kB
Writeback:             0 kB
AnonPages:        892148 kB
Mapped:             5980 kB
Shmem:              4436 kB
Slab:              29520 kB
SReclaimable:      13800 kB
SUnreclaim:        15720 kB
KernelStack:        2752 kB
PageTables:         5628 kB
NFS_Unstable:          0 kB
Bounce:                0 kB
WritebackTmp:          0 kB
CommitLimit:      507328 kB
Committed_AS:    1196728 kB
VmallocTotal:   34359738367 kB
VmallocUsed:           0 kB
VmallocChunk:          0 kB
HardwareCorrupted:     0 kB
AnonHugePages:    608256 kB
CmaTotal:              0 kB
CmaFree:               0 kB
HugePages_Total:       0
HugePages_Free:        0
HugePages_Rsvd:        0
HugePages_Surp:        0
Hugepagesize:       2048 kB
DirectMap4k:       43008 kB
DirectMap2M:     1005568 kB


CPU:total 1 (initial active 1) (1 cores per cpu, 1 threads per core) family 6 model 63 stepping 2, cmov, cx8, fxsr, mmx, sse, sse2, sse3, ssse3, sse4.1, sse4.2, popcnt, avx, avx2, aes, clmul, erms, lzcnt, tsc, bmi1, bmi2

/proc/cpuinfo:
processor	: 0
vendor_id	: GenuineIntel
cpu family	: 6
model		: 63
model name	: Intel(R) Xeon(R) CPU E5-2676 v3 @ 2.40GHz
stepping	: 2
microcode	: 0x25
cpu MHz		: 2400.082
cache size	: 30720 KB
physical id	: 0
siblings	: 1
core id		: 0
cpu cores	: 1
apicid		: 0
initial apicid	: 0
fpu		: yes
fpu_exception	: yes
cpuid level	: 13
wp		: yes
flags		: fpu vme de pse tsc msr pae mce cx8 apic sep mtrr pge mca cmov pat pse36 clflush mmx fxsr sse sse2 ht syscall nx rdtscp lm constant_tsc rep_good nopl xtopology eagerfpu pni pclmulqdq ssse3 fma cx16 pcid sse4_1 sse4_2 x2apic movbe popcnt tsc_deadline_timer aes xsave avx f16c rdrand hypervisor lahf_lm abm fsgsbase bmi1 avx2 smep bmi2 erms invpcid xsaveopt
bugs		:
bogomips	: 4800.16
clflush size	: 64
cache_alignment	: 64
address sizes	: 46 bits physical, 48 bits virtual
power management:



Memory: 4k page, physical 1014660k(60364k free), swap 0k(0k free)

vm_info: OpenJDK 64-Bit Server VM (25.131-b11) for linux-amd64 JRE (1.8.0_131-8u131-b11-2ubuntu1.16.04.3-b11), built on Jul 28 2017 01:23:32 by "buildd" with gcc 5.4.0 20160609

time: Tue Aug 15 13:08:17 2017
elapsed time: 227 seconds (0d 0h 3m 47s)

